SF:lib\infrastructure\movie\local_data_source\database_adapters.g.dart
DA:13,0
DA:15,0
DA:16,0
DA:17,0
DA:19,0
DA:20,0
DA:21,0
DA:22,0
DA:23,0
DA:24,0
DA:25,0
DA:26,0
DA:27,0
DA:31,0
DA:34,0
DA:35,0
DA:36,0
DA:37,0
DA:38,0
DA:39,0
DA:40,0
DA:41,0
DA:42,0
DA:43,0
DA:44,0
DA:45,0
DA:46,0
DA:47,0
DA:48,0
DA:49,0
DA:50,0
DA:53,0
DA:54,0
DA:56,0
DA:59,0
DA:60,0
DA:61,0
LF:37
LH:0
end_of_record
SF:lib\infrastructure\movie\local_data_source\database_adapters.dart
DA:31,2
LF:1
LH:1
end_of_record
SF:lib\infrastructure\movie\local_data_source\hive_database_client.dart
DA:10,0
DA:13,0
DA:14,0
DA:16,0
DA:18,0
DA:24,0
DA:25,0
DA:27,0
DA:31,0
DA:32,0
DA:34,0
DA:38,0
DA:39,0
DA:40,0
LF:14
LH:0
end_of_record
SF:lib\infrastructure\movie\local_data_source\local_data_source.dart
DA:14,1
DA:17,1
DA:18,1
DA:19,4
DA:23,1
DA:24,1
DA:25,4
DA:29,1
DA:30,3
DA:32,1
DA:33,3
DA:34,1
DA:35,1
DA:36,3
DA:37,1
DA:41,1
DA:42,3
DA:44,3
DA:45,1
DA:46,1
DA:47,3
DA:48,1
DA:52,1
DA:53,1
DA:54,4
DA:58,1
DA:59,3
DA:61,1
DA:62,1
DA:63,3
DA:64,1
DA:68,0
DA:69,0
DA:70,0
LF:34
LH:31
end_of_record
SF:lib\infrastructure\movie\movie_dtos.dart
DA:10,3
DA:25,2
DA:26,2
DA:27,2
DA:28,2
DA:29,2
DA:30,2
DA:31,2
DA:32,4
DA:33,2
DA:34,2
DA:37,2
DA:38,2
DA:39,2
DA:40,2
DA:41,2
DA:42,2
DA:43,2
DA:44,4
DA:45,2
DA:46,2
DA:49,1
DA:50,1
DA:52,2
DA:53,2
DA:54,2
DA:55,4
DA:56,2
DA:57,2
DA:58,2
DA:59,4
DA:60,2
DA:61,2
DA:64,2
DA:65,2
DA:66,2
DA:67,4
DA:68,2
DA:69,2
DA:70,2
DA:71,6
LF:41
LH:41
end_of_record
SF:lib\infrastructure\movie\movie_dtos.g.dart
DA:9,2
DA:10,1
DA:11,1
DA:12,1
DA:13,1
DA:14,1
DA:15,1
DA:16,1
DA:17,1
DA:20,1
DA:21,1
DA:22,1
DA:23,1
DA:24,1
DA:25,1
DA:26,1
DA:27,1
DA:28,1
DA:29,1
LF:19
LH:19
end_of_record
SF:lib\infrastructure\movie\core\exceptions.dart
DA:4,1
LF:1
LH:1
end_of_record
SF:lib\infrastructure\movie\remote_data_source\remote_data_source.dart
DA:18,1
DA:21,1
DA:22,3
DA:23,0
DA:25,3
DA:26,1
DA:27,1
DA:28,1
DA:33,2
DA:34,3
DA:36,3
DA:37,1
DA:38,3
DA:39,2
DA:41,0
LF:15
LH:13
end_of_record
SF:lib\infrastructure\movie\remote_data_source\responses.g.dart
DA:9,1
DA:10,1
DA:11,1
DA:12,1
DA:13,2
DA:14,1
DA:17,0
DA:18,0
DA:19,0
DA:20,0
LF:10
LH:6
end_of_record
SF:lib\infrastructure\movie\remote_data_source\responses.dart
DA:11,1
DA:12,1
LF:2
LH:2
end_of_record
